[0m[[0m[0mdebug[0m] [0m[0m> Exec(all {file:/home/ashalonkin/otus/HomeWork3/}homework3/products {file:/home/ashalonkin/otus/HomeWork3/}homework3/test:products, None, None)[0m
[0m[[0m[0mdebug[0m] [0m[0mEvaluating tasks: Compile / products, Test / products[0m
[0m[[0m[0mdebug[0m] [0m[0mRunning task... Cancel: Signal, check cycles: false, forcegc: true[0m
[0m[[0m[0minfo[0m] [0m[0mcompiling 1 Scala source to /home/ashalonkin/otus/HomeWork3/target/scala-2.12/classes ...[0m
[0m[[0m[31merror[0m] [0m[0m/home/ashalonkin/otus/HomeWork3/src/main/scala/org/hw3/otus/Main.scala:82:44: missing parameter type for expanded function ((x$1: <error>, x$2) => mapTaxiFactsRDD.groupBy(x$1).sortBy(x$2, false).take(1).foreach(println))[0m
[0m[[0m[31merror[0m] [0m[0m  /*val resRDD =*/ mapTaxiFactsRDD.groupBy(_).sortBy(_, false).take(1).foreach(println)[0m
[0m[[0m[31merror[0m] [0m[0m                                           ^[0m
[0m[[0m[31merror[0m] [0m[0m/home/ashalonkin/otus/HomeWork3/src/main/scala/org/hw3/otus/Main.scala:82:54: missing parameter type for expanded function ((x$1: <error>, x$2: <error>) => mapTaxiFactsRDD.groupBy(x$1).sortBy(x$2, false).take(1).foreach(println))[0m
[0m[[0m[31merror[0m] [0m[0m  /*val resRDD =*/ mapTaxiFactsRDD.groupBy(_).sortBy(_, false).take(1).foreach(println)[0m
[0m[[0m[31merror[0m] [0m[0m                                                     ^[0m
[0m[[0m[31merror[0m] [0m[0mtwo errors found[0m
[0m[[0m[0mdebug[0m] [0m[0mForcing garbage collection...[0m
[0m[[0m[31merror[0m] [0m[0m(Compile / [31mcompileIncremental[0m) Compilation failed[0m
[0m[[0m[31merror[0m] [0m[0mTotal time: 1 s, completed 7 Ð°Ð¿Ñ€. 2021 Ð³., 17:02:38[0m
[0m[[0m[0mdebug[0m] [0m[0m> Exec(idea-shell, None, None)[0m
